<?xml version="1.0" encoding="UTF-8"?>
<testsuites>
  <testsuite name="Notes" tests="10" assertions="10" failures="0" errors="0" time="0.360291">
    <testsuite name="Notes\Config\ConfigTest" file="/vagrant/New folder/notes/tests/Config/ConfigTest.php" tests="1" assertions="1" failures="0" errors="0" time="0.006925">
      <testcase name="test" class="Notes\Config\ConfigTest" file="/vagrant/New folder/notes/tests/Config/ConfigTest.php" line="6" assertions="1" time="0.006925"/>
    </testsuite>
    <testsuite name="Notes\Database\DatabaseTest" file="/vagrant/New folder/notes/tests/Database/DatabaseTest.php" tests="9" assertions="9" failures="0" errors="0" time="0.353366">
      <testcase name="testCanCreateObject" class="Notes\Database\DatabaseTest" file="/vagrant/New folder/notes/tests/Database/DatabaseTest.php" line="31" assertions="1" time="0.071792"/>
      <testcase name="testCanReadRecord" class="Notes\Database\DatabaseTest" file="/vagrant/New folder/notes/tests/Database/DatabaseTest.php" line="37" assertions="1" time="0.046370"/>
      <testcase name="testCanReadUserByOnePlaceholder" class="Notes\Database\DatabaseTest" file="/vagrant/New folder/notes/tests/Database/DatabaseTest.php" line="51" assertions="1" time="0.027286"/>
      <testcase name="testCanReadUserByTwoPlaceholders" class="Notes\Database\DatabaseTest" file="/vagrant/New folder/notes/tests/Database/DatabaseTest.php" line="68" assertions="1" time="0.028403"/>
      <testcase name="testCanUpdateRecordCheckedByNumberOfAffectedRow" class="Notes\Database\DatabaseTest" file="/vagrant/New folder/notes/tests/Database/DatabaseTest.php" line="87" assertions="1" time="0.030981"/>
      <testcase name="testUpdatingRecordFailed" class="Notes\Database\DatabaseTest" file="/vagrant/New folder/notes/tests/Database/DatabaseTest.php" line="103" assertions="1" time="0.028214"/>
      <testcase name="testCanInsertRecordCheckedById" class="Notes\Database\DatabaseTest" file="/vagrant/New folder/notes/tests/Database/DatabaseTest.php" line="119" assertions="1" time="0.027979"/>
      <testcase name="testCanInsertRecordCheckedByComparingActualDatabaseAndXmlFile" class="Notes\Database\DatabaseTest" file="/vagrant/New folder/notes/tests/Database/DatabaseTest.php" line="138" assertions="1" time="0.050570"/>
      <testcase name="testCanUpdateRecordCheckedByComparingActualDatabaseAndXmlFile" class="Notes\Database\DatabaseTest" file="/vagrant/New folder/notes/tests/Database/DatabaseTest.php" line="164" assertions="1" time="0.041771"/>
    </testsuite>
  </testsuite>
</testsuites>
