<?xml version="1.0" encoding="UTF-8" ?>
<testsuites>
<testsuite name="Addition" errors="0" tests="1" failures="0" time="0.005" timestamp="2015-06-25T09:53:38">
  <testcase classname="Addition" name="add two numbers" time="0.003"></testcase>
</testsuite>
</testsuites>